<?xml version="1.0" encoding="UTF-8"?>
<!-- Generated by org.testng.reporters.JUnitXMLReporter -->
<testsuite ignored="0" hostname="DESKTOP-T1R37VL" failures="0" tests="5" name="Default test" time="216.888" errors="0" timestamp="2024-05-24T17:57:36 IST">
  <testcase classname="com.supermanage1.s2" name="testProcess" time="39.693"/>
  <testcase classname="com.supermanage1.s2" name="testProcess" time="39.743"/>
  <testcase classname="com.supermanage1.s2" name="testProcess" time="40.612"/>
  <testcase classname="com.supermanage1.s2" name="testProcess" time="39.243"/>
  <testcase classname="com.supermanage1.s2" name="testProcess" time="45.223"/>
</testsuite> <!-- Default test -->
