<?xml version="1.0" encoding="UTF-8"?>
<testng-results ignored="0" total="5" passed="5" failed="0" skipped="0">
  <reporter-output>
  </reporter-output>
  <suite started-at="2024-05-24T17:54:00 IST" name="Default suite" finished-at="2024-05-24T17:57:36 IST" duration-ms="216888">
    <groups>
    </groups>
    <test started-at="2024-05-24T17:54:00 IST" name="Default test" finished-at="2024-05-24T17:57:36 IST" duration-ms="216888">
      <class name="com.supermanage1.s2">
        <test-method is-config="true" signature="setUp()[pri:0, instance:com.supermanage1.s2@409bf450]" started-at="2024-05-24T17:54:00 IST" name="setUp" finished-at="2024-05-24T17:54:03 IST" duration-ms="3467" status="PASS">
          <reporter-output>
          </reporter-output>
        </test-method> <!-- setUp -->
        <test-method signature="testProcess()[pri:0, instance:com.supermanage1.s2@409bf450]" started-at="2024-05-24T17:54:03 IST" name="testProcess" finished-at="2024-05-24T17:54:43 IST" duration-ms="39693" status="PASS">
          <reporter-output>
          </reporter-output>
        </test-method> <!-- testProcess -->
        <test-method is-config="true" signature="tearDown()[pri:0, instance:com.supermanage1.s2@409bf450]" started-at="2024-05-24T17:54:43 IST" name="tearDown" finished-at="2024-05-24T17:54:43 IST" duration-ms="246" status="PASS">
          <reporter-output>
          </reporter-output>
        </test-method> <!-- tearDown -->
        <test-method is-config="true" signature="setUp()[pri:0, instance:com.supermanage1.s2@409bf450]" started-at="2024-05-24T17:54:43 IST" name="setUp" finished-at="2024-05-24T17:54:45 IST" duration-ms="1645" status="PASS">
          <reporter-output>
          </reporter-output>
        </test-method> <!-- setUp -->
        <test-method signature="testProcess()[pri:0, instance:com.supermanage1.s2@409bf450]" started-at="2024-05-24T17:54:45 IST" name="testProcess" finished-at="2024-05-24T17:55:24 IST" duration-ms="39743" status="PASS">
          <reporter-output>
          </reporter-output>
        </test-method> <!-- testProcess -->
        <test-method is-config="true" signature="tearDown()[pri:0, instance:com.supermanage1.s2@409bf450]" started-at="2024-05-24T17:55:24 IST" name="tearDown" finished-at="2024-05-24T17:55:25 IST" duration-ms="268" status="PASS">
          <reporter-output>
          </reporter-output>
        </test-method> <!-- tearDown -->
        <test-method is-config="true" signature="setUp()[pri:0, instance:com.supermanage1.s2@409bf450]" started-at="2024-05-24T17:55:25 IST" name="setUp" finished-at="2024-05-24T17:55:26 IST" duration-ms="1740" status="PASS">
          <reporter-output>
          </reporter-output>
        </test-method> <!-- setUp -->
        <test-method signature="testProcess()[pri:0, instance:com.supermanage1.s2@409bf450]" started-at="2024-05-24T17:55:26 IST" name="testProcess" finished-at="2024-05-24T17:56:07 IST" duration-ms="40612" status="PASS">
          <reporter-output>
          </reporter-output>
        </test-method> <!-- testProcess -->
        <test-method is-config="true" signature="tearDown()[pri:0, instance:com.supermanage1.s2@409bf450]" started-at="2024-05-24T17:56:07 IST" name="tearDown" finished-at="2024-05-24T17:56:07 IST" duration-ms="296" status="PASS">
          <reporter-output>
          </reporter-output>
        </test-method> <!-- tearDown -->
        <test-method is-config="true" signature="setUp()[pri:0, instance:com.supermanage1.s2@409bf450]" started-at="2024-05-24T17:56:07 IST" name="setUp" finished-at="2024-05-24T17:56:09 IST" duration-ms="1623" status="PASS">
          <reporter-output>
          </reporter-output>
        </test-method> <!-- setUp -->
        <test-method signature="testProcess()[pri:0, instance:com.supermanage1.s2@409bf450]" started-at="2024-05-24T17:56:09 IST" name="testProcess" finished-at="2024-05-24T17:56:48 IST" duration-ms="39243" status="PASS">
          <reporter-output>
          </reporter-output>
        </test-method> <!-- testProcess -->
        <test-method is-config="true" signature="tearDown()[pri:0, instance:com.supermanage1.s2@409bf450]" started-at="2024-05-24T17:56:48 IST" name="tearDown" finished-at="2024-05-24T17:56:49 IST" duration-ms="503" status="PASS">
          <reporter-output>
          </reporter-output>
        </test-method> <!-- tearDown -->
        <test-method is-config="true" signature="setUp()[pri:0, instance:com.supermanage1.s2@409bf450]" started-at="2024-05-24T17:56:49 IST" name="setUp" finished-at="2024-05-24T17:56:51 IST" duration-ms="2242" status="PASS">
          <reporter-output>
          </reporter-output>
        </test-method> <!-- setUp -->
        <test-method signature="testProcess()[pri:0, instance:com.supermanage1.s2@409bf450]" started-at="2024-05-24T17:56:51 IST" name="testProcess" finished-at="2024-05-24T17:57:36 IST" duration-ms="45223" status="PASS">
          <reporter-output>
          </reporter-output>
        </test-method> <!-- testProcess -->
        <test-method is-config="true" signature="tearDown()[pri:0, instance:com.supermanage1.s2@409bf450]" started-at="2024-05-24T17:57:36 IST" name="tearDown" finished-at="2024-05-24T17:57:36 IST" duration-ms="252" status="PASS">
          <reporter-output>
          </reporter-output>
        </test-method> <!-- tearDown -->
      </class> <!-- com.supermanage1.s2 -->
    </test> <!-- Default test -->
  </suite> <!-- Default suite -->
</testng-results>
